<?xml version="1.0" encoding="UTF-8"?>
<testng-results ignored="0" total="1" passed="1" failed="0" skipped="0">
  <reporter-output>
  </reporter-output>
  <suite started-at="2024-09-01T00:21:37 IST" name="Surefire suite" finished-at="2024-09-01T00:21:37 IST" duration-ms="36">
    <groups>
    </groups>
    <test started-at="2024-09-01T00:21:37 IST" name="Surefire test" finished-at="2024-09-01T00:21:37 IST" duration-ms="36">
      <class name="testpackage.TestNGDemo">
        <test-method signature="test()[pri:0, instance:testpackage.TestNGDemo@7c469c48]" started-at="2024-09-01T00:21:37 IST" name="test" finished-at="2024-09-01T00:21:37 IST" duration-ms="3" status="PASS">
          <reporter-output>
          </reporter-output>
        </test-method> <!-- test -->
      </class> <!-- testpackage.TestNGDemo -->
    </test> <!-- Surefire test -->
  </suite> <!-- Surefire suite -->
</testng-results>
